33
mkr_wxrr/exists
0
3333436510
3572706984
depend
0
3333436510
4153397121
d:\b112\source/lib/brfwwxrr.lib
0
3333436510
1298913112
d:\b112\source/lib/brstwxrr.lib
0
3333436510
21759458
d:\b112\source\inc\brender.h
0
3333436510
2988572481
d:\b112\source\inc\compiler.h
0
3333436510
2968218555
d:\b112\source\inc\brlimits.h
0
3333436510
988345926
d:\b112\source\inc\fixed.h
0
3333436510
1702996205
d:\b112\source\inc\scalar.h
0
3333436510
4001986132
d:\b112\source\inc\colour.h
0
3333436510
3092357618
d:\b112\source\inc\matrix.h
0
3333436510
992127219
d:\b112\source\inc\vector.h
0
3333436510
2568777969
d:\b112\source\inc\angles.h
0
3333436510
2468769368
d:\b112\source\inc\quat.h
0
3333436510
3911902999
d:\b112\source\inc\transfrm.h
0
3333436510
3935023053
d:\b112\source\inc\order.h
0
3333436510
2103410809
d:\b112\source\inc\pixelmap.h
0
3333436510
137139520
d:\b112\source\inc\brfont.h
0
3333436510
1929629673
d:\b112\source\inc\material.h
0
3333436510
3830209711
d:\b112\source\inc\model.h
0
3333436510
2760830190
d:\b112\source\inc\actor.h
0
3333436510
2158288886
d:\b112\source\inc\camera.h
0
3333436510
552194247
d:\b112\source\inc\light.h
0
3333436510
4234472821
d:\b112\source\inc\pool.h
0
3333436510
916972950
d:\b112\source\inc\custsupt.h
0
3333436510
3792937579
d:\b112\source\inc\brfile.h
0
3333436510
263549394
d:\b112\source\inc\brdiag.h
0
3333436510
1808309831
d:\b112\source\inc\brmem.h
0
3333436510
3241862768
d:\b112\source\inc\brerr.h
0
3333436510
1054469882
d:\b112\source\inc\fmt.h
0
3333436510
3670923426
d:\b112\source\inc\fmtproto.h
0
3333436510
537065947
d:\b112\source\inc\fwproto.h
0
3333436510
3160864112
d:\b112\source\inc\g386ifix.h
0
3333436510
135587224
d:\b112\source\inc\wtcifix.h
0
3333436510
884168669
d:\b112\source\inc\mscifix.h
0
3333436510
4194823250
d:\b112\source\inc\zbproto.h
0
3333436510
2091170799
d:\b112\source\inc\zsproto.h
0
3333436510
4150146944
d:\b112\source\inc\fwpextra.fns
0
3333436510
1350026930
d:\b112\source\inc\vecfns.h
0
3333436510
2984694883
d:\b112\source\inc\compend.h
0
3333436510
3292600133
mkranges.c
0
3333436510
2276705105
mkr_wxrr/mkranges.obj
0
3333436510
3527726885
mkranges.exe
0
3333436510
1262873949
