33
3ds_wfrs/exists
0
3333436510
3926050788
depend
0
3333436510
2494827440
d:\b112\source/lib/brstwfrs.lib
0
3333436510
76141009
d:\b112\source/lib/brfwwfrs.lib
0
3333436510
1353294663
d:\b112\source/lib/brfmwfrs.lib
0
3333436510
1248033597
basetype.h
0
3333436510
2114825947
parse3ds.h
0
3333436510
411475619
3ds2br.c
0
3333436510
3106403591
3ds_wfrs/3ds2br.obj
0
3333436510
1865218207
bininstr.h
0
3333436510
810074471
bininstr.c
0
3333436510
810074466
3ds_wfrs/bininstr.obj
0
3333436510
3983083824
parse3ds.c
0
3333436510
411475614
3ds_wfrs/parse3ds.obj
0
3333436510
2120163044
3ds2br.exe
0
3333436510
954006729
