rendsupt.c(81): Error! E1062: Inconsistent return type for function 'BrActorSearchMany'
rendsupt.c(395): Error! E1062: Inconsistent return type for function 'BrModelAddMany'
rendsupt.c(406): Error! E1062: Inconsistent return type for function 'BrModelRemoveMany'
rendsupt.c(409): Error! E1062: Inconsistent return type for function 'BrModelFindMany'
rendsupt.c(412): Error! E1062: Inconsistent return type for function 'BrModelCount'
rendsupt.c(416): Error! E1062: Inconsistent return type for function 'BrModelEnum'
rendsupt.c(447): Error! E1062: Inconsistent return type for function 'BrMaterialAddMany'
rendsupt.c(458): Error! E1062: Inconsistent return type for function 'BrMaterialRemoveMany'
rendsupt.c(463): Error! E1062: Inconsistent return type for function 'BrMaterialFindMany'
rendsupt.c(468): Error! E1062: Inconsistent return type for function 'BrMaterialCount'
rendsupt.c(474): Error! E1062: Inconsistent return type for function 'BrMaterialEnum'
rendsupt.c(505): Error! E1062: Inconsistent return type for function 'BrMapAddMany'
rendsupt.c(510): Error! E1062: Inconsistent return type for function 'BrMapRemoveMany'
rendsupt.c(515): Error! E1062: Inconsistent return type for function 'BrMapFindMany'
rendsupt.c(520): Error! E1062: Inconsistent return type for function 'BrMapCount'
rendsupt.c(526): Error! E1062: Inconsistent return type for function 'BrMapEnum'
rendsupt.c(557): Error! E1062: Inconsistent return type for function 'BrTableAddMany'
rendsupt.c(562): Error! E1062: Inconsistent return type for function 'BrTableRemoveMany'
rendsupt.c(567): Error! E1062: Inconsistent return type for function 'BrTableFindMany'
rendsupt.c(572): Error! E1062: Inconsistent return type for function 'BrTableCount'
rendsupt.c(578): Error! E1147: Too many errors: compilation aborted
