33
geo_wfrs/exists
0
3333436510
154172456
depend
0
3333436510
137147666
d:\b112\source/lib/brstwfrs.lib
0
3333436510
76141009
d:\b112\source/lib/brfwwfrs.lib
0
3333436510
1353294663
d:\b112\source/lib/brfmwfrs.lib
0
3333436510
1248033597
t:\3ds_file/lib/3dsftkwc.lib
0
3333436510
2533636912
d:\b112\source\inc\brender.h
0
3333436510
2988572481
d:\b112\source\inc\compiler.h
0
3333436510
2968218555
d:\b112\source\inc\brlimits.h
0
3333436510
988345926
d:\b112\source\inc\fixed.h
0
3333436510
1702996205
d:\b112\source\inc\scalar.h
0
3333436510
4001986132
d:\b112\source\inc\colour.h
0
3333436510
3092357618
d:\b112\source\inc\matrix.h
0
3333436510
992127219
d:\b112\source\inc\vector.h
0
3333436510
2568777969
d:\b112\source\inc\angles.h
0
3333436510
2468769368
d:\b112\source\inc\quat.h
0
3333436510
3911902999
d:\b112\source\inc\transfrm.h
0
3333436510
3935023053
d:\b112\source\inc\order.h
0
3333436510
2103410809
d:\b112\source\inc\pixelmap.h
0
3333436510
137139520
d:\b112\source\inc\brfont.h
0
3333436510
1929629673
d:\b112\source\inc\material.h
0
3333436510
3830209711
d:\b112\source\inc\model.h
0
3333436510
2760830190
d:\b112\source\inc\actor.h
0
3333436510
2158288886
d:\b112\source\inc\camera.h
0
3333436510
552194247
d:\b112\source\inc\light.h
0
3333436510
4234472821
d:\b112\source\inc\pool.h
0
3333436510
916972950
d:\b112\source\inc\custsupt.h
0
3333436510
3792937579
d:\b112\source\inc\brfile.h
0
3333436510
263549394
d:\b112\source\inc\brdiag.h
0
3333436510
1808309831
d:\b112\source\inc\brmem.h
0
3333436510
3241862768
d:\b112\source\inc\brerr.h
0
3333436510
1054469882
d:\b112\source\inc\fmt.h
0
3333436510
3670923426
d:\b112\source\inc\fmtproto.h
0
3333436510
537065947
d:\b112\source\inc\fwproto.h
0
3333436510
3160864112
d:\b112\source\inc\g386ifix.h
0
3333436510
135587224
d:\b112\source\inc\wtcifix.h
0
3333436510
884168669
d:\b112\source\inc\mscifix.h
0
3333436510
4194823250
d:\b112\source\inc\zbproto.h
0
3333436510
2091170799
d:\b112\source\inc\zsproto.h
0
3333436510
4150146944
d:\b112\source\inc\fwpextra.fns
0
3333436510
1350026930
d:\b112\source\inc\vecfns.h
0
3333436510
2984694883
d:\b112\source\inc\compend.h
0
3333436510
3292600133
geoconv.c
0
3333436510
2963868137
geo_wfrs/geoconv.obj
0
3333436510
3459232904
irit.c
0
3333436510
2184219053
geo_wfrs/irit.obj
0
3333436510
2589426388
save_c.c
0
3333436510
941352552
geo_wfrs/save_c.obj
0
3333436510
761301637
t:\3ds_file\inc\3dsftk.h
0
3333436510
1999363296
save3ds.c
0
3333436510
400866225
geo_wfrs/save3ds.obj
0
3333436510
111086048
geoconv.exe
0
3333436510
466176653
